#
# A fatal error has been detected by the Java Runtime Environment:
#
#  EXCEPTION_ACCESS_VIOLATION (0xc0000005) at pc=0x00007fffa819ba50, pid=20060, tid=0x00000000000018bc
#
# JRE version: Java(TM) SE Runtime Environment (8.0_201-b09) (build 1.8.0_201-b09)
# Java VM: Java HotSpot(TM) 64-Bit Server VM (25.201-b09 mixed mode windows-amd64 compressed oops)
# Problematic frame:
# C  [ig9icd64.dll+0x23ba50]
#
# Failed to write core dump. Minidumps are not enabled by default on client versions of Windows
#
# If you would like to submit a bug report, please visit:
#   http://bugreport.java.com/bugreport/crash.jsp
# The crash happened outside the Java Virtual Machine in native code.
# See problematic frame for where to report the bug.
#

---------------  T H R E A D  ---------------

Current thread (0x000000001f7c2000):  JavaThread "LWJGL Application" [_thread_in_native, id=6332, stack(0x0000000020510000,0x0000000020610000)]

siginfo: ExceptionCode=0xc0000005, reading address 0x0000000000000008

Registers:
RAX=0x0000000000000000, RBX=0x0000000021111e08, RCX=0x00007ff81e5253e4, RDX=0x0000000000000000
RSP=0x000000002060ebb0, RBP=0x000000002060ed00, RSI=0x0000000021111fc0, RDI=0x0000000000000000
R8 =0x000000002060eab8, R9 =0x000000002060eb49, R10=0x0000000000000000, R11=0x0000000000000246
R12=0x0000000000000001, R13=0x000000002060ee30, R14=0x0000000000983650, R15=0x0000000021111cf0
RIP=0x00007fffa819ba50, EFLAGS=0x0000000000010206

Top of Stack: (sp=0x000000002060ebb0)
0x000000002060ebb0:   0000000021111e08 0000000021111e08
0x000000002060ebc0:   0000000000000001 0000000000000000
0x000000002060ebd0:   0000000000000000 0000000000000000
0x000000002060ebe0:   0000000000040100 00007ff82121fc13
0x000000002060ebf0:   0000000000000001 0000000000000078
0x000000002060ec00:   0000000000000001 0000000000000005
0x000000002060ec10:   0000000000000003 00007ff8211ef032
0x000000002060ec20:   0000000000000003 00007ff8211f01d4
0x000000002060ec30:   0000000000000001 0000000000000000
0x000000002060ec40:   000000002060ed90 0000000016cf0000
0x000000002060ec50:   0000000000000000 00007ff8211eef54
0x000000002060ec60:   0000000000040100 0000000016cf0000
0x000000002060ec70:   000000002060ed90 000000060000001d
0x000000002060ec80:   0000000000000078 0000000000000000
0x000000002060ec90:   0000000000000000 00007ff8211eee78
0x000000002060eca0:   0000000000040100 000000002060ed90 

Instructions: (pc=0x00007fffa819ba50)
0x00007fffa819ba30:   7b 08 48 39 7b 08 0f 85 82 00 00 00 49 8b 4f 10
0x00007fffa819ba40:   49 8b d5 48 8b 49 08 e8 34 78 33 00 48 89 43 08
0x00007fffa819ba50:   48 8b 48 08 48 85 c9 74 45 e8 a2 46 39 00 48 8b
0x00007fffa819ba60:   4b 08 48 8b 49 08 44 8b f8 e8 82 46 39 00 48 8b 


Register to memory mapping:

RAX=0x0000000000000000 is an unknown value
RBX=0x0000000021111e08 is an unknown value
RCX=0x00007ff81e5253e4 is an unknown value
RDX=0x0000000000000000 is an unknown value
RSP=0x000000002060ebb0 is pointing into the stack for thread: 0x000000001f7c2000
RBP=0x000000002060ed00 is pointing into the stack for thread: 0x000000001f7c2000
RSI=0x0000000021111fc0 is an unknown value
RDI=0x0000000000000000 is an unknown value
R8 =0x000000002060eab8 is pointing into the stack for thread: 0x000000001f7c2000
R9 =0x000000002060eb49 is pointing into the stack for thread: 0x000000001f7c2000
R10=0x0000000000000000 is an unknown value
R11=0x0000000000000246 is an unknown value
R12=0x0000000000000001 is an unknown value
R13=0x000000002060ee30 is pointing into the stack for thread: 0x000000001f7c2000
R14=0x0000000000983650 is an unknown value
R15=0x0000000021111cf0 is an unknown value


Stack: [0x0000000020510000,0x0000000020610000],  sp=0x000000002060ebb0,  free space=1018k
Native frames: (J=compiled Java code, j=interpreted, Vv=VM code, C=native code)
C  [ig9icd64.dll+0x23ba50]
C  [ig9icd64.dll+0x581fee]
C  [ig9icd64.dll+0x56b5f3]
C  [OPENGL32.dll+0x28cc8]
C  [ig9icd64.dll+0x56c1f3]
C  [ig9icd64.dll+0x56bedf]
C  [OPENGL32.dll+0x3a427]
C  [gdi32full.dll+0x67cce]
C  0x0000000002fac314

Java frames: (J=compiled Java code, j=interpreted, Vv=VM code)
J 1607  org.lwjgl.opengl.WindowsContextImplementation.nSwapBuffers(Ljava/nio/ByteBuffer;)V (0 bytes) @ 0x0000000002fac292 [0x0000000002fac240+0x52]
J 1715 C2 org.lwjgl.opengl.DrawableGL.swapBuffers()V (4 bytes) @ 0x0000000003053910 [0x0000000003053740+0x1d0]
J 839 C1 org.lwjgl.opengl.Display.swapBuffers()V (55 bytes) @ 0x0000000002db5a34 [0x0000000002db56c0+0x374]
j  org.lwjgl.opengl.Display.update(Z)V+44
j  com.badlogic.gdx.backends.lwjgl.LwjglApplication.mainLoop()V+704
j  com.badlogic.gdx.backends.lwjgl.LwjglApplication$1.run()V+27
v  ~StubRoutines::call_stub

---------------  P R O C E S S  ---------------

Java Threads: ( => current thread )
  0x000000001fa4d000 JavaThread "Timer" daemon [_thread_blocked, id=22976, stack(0x00000000264d0000,0x00000000265d0000)]
  0x000000001f941800 JavaThread "LWJGL Timer" daemon [_thread_blocked, id=14052, stack(0x00000000263d0000,0x00000000264d0000)]
  0x0000000002964800 JavaThread "DestroyJavaVM" [_thread_blocked, id=8548, stack(0x0000000002710000,0x0000000002810000)]
=>0x000000001f7c2000 JavaThread "LWJGL Application" [_thread_in_native, id=6332, stack(0x0000000020510000,0x0000000020610000)]
  0x000000001e438800 JavaThread "Service Thread" daemon [_thread_blocked, id=23208, stack(0x000000001f050000,0x000000001f150000)]
  0x000000001e3c5800 JavaThread "C1 CompilerThread3" daemon [_thread_blocked, id=18072, stack(0x000000001ef50000,0x000000001f050000)]
  0x000000001e356800 JavaThread "C2 CompilerThread2" daemon [_thread_blocked, id=19696, stack(0x000000001ee50000,0x000000001ef50000)]
  0x000000001e343800 JavaThread "C2 CompilerThread1" daemon [_thread_blocked, id=8596, stack(0x000000001ed50000,0x000000001ee50000)]
  0x000000001e342800 JavaThread "C2 CompilerThread0" daemon [_thread_blocked, id=21092, stack(0x000000001ec50000,0x000000001ed50000)]
  0x000000001e3a6000 JavaThread "Monitor Ctrl-Break" daemon [_thread_in_native, id=23784, stack(0x000000001eb50000,0x000000001ec50000)]
  0x000000001e266800 JavaThread "Attach Listener" daemon [_thread_blocked, id=22464, stack(0x000000001ea50000,0x000000001eb50000)]
  0x000000001e265800 JavaThread "Signal Dispatcher" daemon [_thread_blocked, id=17764, stack(0x000000001e950000,0x000000001ea50000)]
  0x000000001e251000 JavaThread "Finalizer" daemon [_thread_blocked, id=16804, stack(0x000000001e730000,0x000000001e830000)]
  0x000000001e250800 JavaThread "Reference Handler" daemon [_thread_blocked, id=11456, stack(0x000000001e630000,0x000000001e730000)]

Other Threads:
  0x000000001c449800 VMThread [stack: 0x000000001e130000,0x000000001e230000] [id=16008]
  0x000000001e4a7800 WatcherThread [stack: 0x000000001f150000,0x000000001f250000] [id=6700]

VM state:not at safepoint (normal execution)

VM Mutex/Monitor currently owned by a thread: None

heap address: 0x00000006c2000000, size: 4064 MB, Compressed Oops mode: Zero based, Oop shift amount: 3
Narrow klass base: 0x0000000000000000, Narrow klass shift: 3
Compressed class space size: 1073741824 Address: 0x00000007c0000000

Heap:
 PSYoungGen      total 75776K, used 52206K [0x000000076b580000, 0x0000000770a00000, 0x00000007c0000000)
  eden space 65024K, 80% used [0x000000076b580000,0x000000076e87b860,0x000000076f500000)
  from space 10752K, 0% used [0x000000076ff80000,0x000000076ff80000,0x0000000770a00000)
  to   space 10752K, 0% used [0x000000076f500000,0x000000076f500000,0x000000076ff80000)
 ParOldGen       total 173568K, used 0K [0x00000006c2000000, 0x00000006cc980000, 0x000000076b580000)
  object space 173568K, 0% used [0x00000006c2000000,0x00000006c2000000,0x00000006cc980000)
 Metaspace       used 13773K, capacity 13987K, committed 14336K, reserved 1062912K
  class space    used 1403K, capacity 1484K, committed 1536K, reserved 1048576K

Card table byte_map: [0x0000000011e20000,0x0000000012620000] byte_map_base: 0x000000000e810000

Marking Bits: (ParMarkBitMap*) 0x000000006a4f4ce0
 Begin Bits: [0x0000000013370000, 0x00000000172f0000)
 End Bits:   [0x00000000172f0000, 0x000000001b270000)

Polling page: 0x00000000008f0000

CodeCache: size=245760Kb used=6072Kb max_used=6085Kb free=239687Kb
 bounds [0x0000000002a60000, 0x0000000003060000, 0x0000000011a60000]
 total_blobs=2250 nmethods=1715 adapters=447
 compilation: enabled

Compilation events (10 events):
Event: 132.423 Thread 0x000000001e356800 nmethod 1709 0x0000000003013590 code [0x00000000030136e0, 0x0000000003013918]
Event: 132.433 Thread 0x000000001e342800 nmethod 1710 0x000000000302aed0 code [0x000000000302b080, 0x000000000302ba98]
Event: 1011.543 Thread 0x000000001e3c5800 1711 % !   3       com.badlogic.gdx.backends.lwjgl.LwjglApplication::mainLoop @ 71 (886 bytes)
Event: 1011.554 Thread 0x000000001e3c5800 nmethod 1711% 0x0000000003030290 code [0x0000000003030f00, 0x000000000303a3f8]
Event: 1028.610 Thread 0x000000001e3c5800 1712   !   3       com.badlogic.gdx.backends.lwjgl.LwjglApplication::mainLoop (886 bytes)
Event: 1028.621 Thread 0x000000001e3c5800 nmethod 1712 0x00000000030411d0 code [0x0000000003041e40, 0x000000000304b0b8]
Event: 1694.211 Thread 0x000000001e342800 1714 % !   4       com.badlogic.gdx.backends.lwjgl.LwjglApplication::mainLoop @ 71 (886 bytes)
Event: 1694.236 Thread 0x000000001e342800 nmethod 1714% 0x0000000003054990 code [0x0000000003054cc0, 0x0000000003057058]
Event: 2128.992 Thread 0x000000001e343800 1715       4       org.lwjgl.opengl.DrawableGL::swapBuffers (4 bytes)
Event: 2129.027 Thread 0x000000001e343800 nmethod 1715 0x0000000003053590 code [0x0000000003053740, 0x0000000003054140]

GC Heap History (0 events):
No events

Deoptimization events (10 events):
Event: 10.401 Thread 0x000000001f7c2000 Uncommon trap: reason=unstable_if action=reinterpret pc=0x0000000002df2d9c method=java.lang.CharacterDataLatin1.digit(II)I @ 82
Event: 10.533 Thread 0x000000001f7c2000 Uncommon trap: reason=unstable_if action=reinterpret pc=0x0000000002df4dd4 method=java.lang.CharacterDataLatin1.digit(II)I @ 82
Event: 11.562 Thread 0x000000001f7c2000 Uncommon trap: reason=unstable_if action=reinterpret pc=0x0000000002ef83c4 method=java.util.Arrays.equals([B[B)Z @ 41
Event: 12.054 Thread 0x000000001f7c2000 Uncommon trap: reason=bimorphic action=maybe_recompile pc=0x0000000002f4ee90 method=java.util.regex.Pattern$BmpCharProperty.match(Ljava/util/regex/Matcher;ILjava/lang/CharSequence;)Z @ 16
Event: 12.055 Thread 0x000000001f7c2000 Uncommon trap: reason=bimorphic action=maybe_recompile pc=0x0000000002f4ee90 method=java.util.regex.Pattern$BmpCharProperty.match(Ljava/util/regex/Matcher;ILjava/lang/CharSequence;)Z @ 16
Event: 12.055 Thread 0x000000001f7c2000 Uncommon trap: reason=bimorphic action=maybe_recompile pc=0x0000000002f4ee90 method=java.util.regex.Pattern$BmpCharProperty.match(Ljava/util/regex/Matcher;ILjava/lang/CharSequence;)Z @ 16
Event: 12.055 Thread 0x000000001f7c2000 Uncommon trap: reason=bimorphic action=maybe_recompile pc=0x0000000002f4ee90 method=java.util.regex.Pattern$BmpCharProperty.match(Ljava/util/regex/Matcher;ILjava/lang/CharSequence;)Z @ 16
Event: 12.162 Thread 0x000000001f7c2000 Uncommon trap: reason=array_check action=maybe_recompile pc=0x0000000002dc35d0 method=com.badlogic.gdx.utils.Array.add(Ljava/lang/Object;)V @ 46
Event: 12.162 Thread 0x000000001f7c2000 Uncommon trap: reason=array_check action=maybe_recompile pc=0x0000000002dc35d0 method=com.badlogic.gdx.utils.Array.add(Ljava/lang/Object;)V @ 46
Event: 2128.991 Thread 0x000000001f7c2000 Uncommon trap: reason=unstable_if action=reinterpret pc=0x000000000301c7a4 method=org.lwjgl.opengl.WindowsDisplay.wasResized()Z @ 4

Classes redefined (0 events):
No events

Internal exceptions (10 events):
Event: 0.427 Thread 0x0000000002964800 Exception <a 'java/security/PrivilegedActionException'> (0x000000076bb1a370) thrown at [C:\re\workspace\8-2-build-windows-amd64-cygwin\jdk8u201\12322\hotspot\src\share\vm\prims\jvm.cpp, line 1502]
Event: 1.070 Thread 0x0000000002964800 Exception <a 'java/security/PrivilegedActionException'> (0x000000076bcce498) thrown at [C:\re\workspace\8-2-build-windows-amd64-cygwin\jdk8u201\12322\hotspot\src\share\vm\prims\jvm.cpp, line 1502]
Event: 1.070 Thread 0x0000000002964800 Exception <a 'java/security/PrivilegedActionException'> (0x000000076bcd0170) thrown at [C:\re\workspace\8-2-build-windows-amd64-cygwin\jdk8u201\12322\hotspot\src\share\vm\prims\jvm.cpp, line 1502]
Event: 1.070 Thread 0x0000000002964800 Exception <a 'java/security/PrivilegedActionException'> (0x000000076bcd12e0) thrown at [C:\re\workspace\8-2-build-windows-amd64-cygwin\jdk8u201\12322\hotspot\src\share\vm\prims\jvm.cpp, line 1502]
Event: 1.070 Thread 0x0000000002964800 Exception <a 'java/security/PrivilegedActionException'> (0x000000076bcd6820) thrown at [C:\re\workspace\8-2-build-windows-amd64-cygwin\jdk8u201\12322\hotspot\src\share\vm\prims\jvm.cpp, line 1502]
Event: 1.070 Thread 0x0000000002964800 Exception <a 'java/security/PrivilegedActionException'> (0x000000076bcd7478) thrown at [C:\re\workspace\8-2-build-windows-amd64-cygwin\jdk8u201\12322\hotspot\src\share\vm\prims\jvm.cpp, line 1502]
Event: 1.071 Thread 0x0000000002964800 Exception <a 'java/security/PrivilegedActionException'> (0x000000076bcd80a0) thrown at [C:\re\workspace\8-2-build-windows-amd64-cygwin\jdk8u201\12322\hotspot\src\share\vm\prims\jvm.cpp, line 1502]
Event: 10.386 Thread 0x000000001f7c2000 Exception <a 'java/lang/NoSuchFieldError': method resolution failed> (0x000000076d3142b8) thrown at [C:\re\workspace\8-2-build-windows-amd64-cygwin\jdk8u201\12322\hotspot\src\share\vm\prims\methodHandles.cpp, line 1167]
Event: 10.387 Thread 0x000000001f7c2000 Exception <a 'java/lang/NoSuchFieldError': method resolution failed> (0x000000076d3225e8) thrown at [C:\re\workspace\8-2-build-windows-amd64-cygwin\jdk8u201\12322\hotspot\src\share\vm\prims\methodHandles.cpp, line 1167]
Event: 12.093 Thread 0x000000001f7c2000 Exception <a 'java/lang/ArrayIndexOutOfBoundsException': 18> (0x000000076e6d9198) thrown at [C:\re\workspace\8-2-build-windows-amd64-cygwin\jdk8u201\12322\hotspot\src\share\vm\interpreter\interpreterRuntime.cpp, line 368]

Events (10 events):
Event: 22.038 Executing VM operation: RevokeBias
Event: 22.038 Executing VM operation: RevokeBias done
Event: 22.039 Executing VM operation: RevokeBias
Event: 22.039 Executing VM operation: RevokeBias done
Event: 22.039 Thread 0x000000001f9fc000 Thread exited: 0x000000001f9fc000
Event: 1830.745 Thread 0x000000001f7c2000 DEOPT PACKING pc=0x00000000030399c2 sp=0x000000002060f0c0
Event: 1830.745 Thread 0x000000001f7c2000 DEOPT UNPACKING pc=0x0000000002aa7890 sp=0x000000002060efc0 mode 0
Event: 2128.991 Thread 0x000000001f7c2000 Uncommon trap: trap_request=0xffffff65 fr.pc=0x000000000301c7a4
Event: 2128.991 Thread 0x000000001f7c2000 DEOPT PACKING pc=0x000000000301c7a4 sp=0x000000002060f1e0
Event: 2128.991 Thread 0x000000001f7c2000 DEOPT UNPACKING pc=0x0000000002aa583b sp=0x000000002060f168 mode 2


Dynamic libraries:
0x00007ff678aa0000 - 0x00007ff678ad7000 	C:\Program Files\Java\jdk1.8.0_201\bin\java.exe
0x00007ff8213a0000 - 0x00007ff821581000 	C:\WINDOWS\SYSTEM32\ntdll.dll
0x00007ff81fc80000 - 0x00007ff81fd31000 	C:\WINDOWS\System32\KERNEL32.DLL
0x00007ff81de80000 - 0x00007ff81e0f3000 	C:\WINDOWS\System32\KERNELBASE.dll
0x00007ff820170000 - 0x00007ff820211000 	C:\WINDOWS\System32\ADVAPI32.dll
0x00007ff820250000 - 0x00007ff8202ee000 	C:\WINDOWS\System32\msvcrt.dll
0x00007ff820f70000 - 0x00007ff820fcb000 	C:\WINDOWS\System32\sechost.dll
0x00007ff820b60000 - 0x00007ff820c84000 	C:\WINDOWS\System32\RPCRT4.dll
0x00007ff8211e0000 - 0x00007ff821370000 	C:\WINDOWS\System32\USER32.dll
0x00007ff81e520000 - 0x00007ff81e540000 	C:\WINDOWS\System32\win32u.dll
0x00007ff820220000 - 0x00007ff820248000 	C:\WINDOWS\System32\GDI32.dll
0x00007ff81e100000 - 0x00007ff81e292000 	C:\WINDOWS\System32\gdi32full.dll
0x00007ff81e3a0000 - 0x00007ff81e43f000 	C:\WINDOWS\System32\msvcp_win.dll
0x00007ff81e2a0000 - 0x00007ff81e398000 	C:\WINDOWS\System32\ucrtbase.dll
0x00007ff80c1b0000 - 0x00007ff80c419000 	C:\WINDOWS\WinSxS\amd64_microsoft.windows.common-controls_6595b64144ccf1df_6.0.17134.706_none_fb43a2cb30647007\COMCTL32.dll
0x00007ff8202f0000 - 0x00007ff820612000 	C:\WINDOWS\System32\combase.dll
0x00007ff81e440000 - 0x00007ff81e4ba000 	C:\WINDOWS\System32\bcryptPrimitives.dll
0x00007ff820de0000 - 0x00007ff820e0d000 	C:\WINDOWS\System32\IMM32.DLL
0x000000006b820000 - 0x000000006b8f1000 	C:\Program Files\Java\jdk1.8.0_201\jre\bin\msvcr100.dll
0x0000000069cd0000 - 0x000000006a574000 	C:\Program Files\Java\jdk1.8.0_201\jre\bin\server\jvm.dll
0x00007ff81fd40000 - 0x00007ff81fd48000 	C:\WINDOWS\System32\PSAPI.DLL
0x00007ff81c2c0000 - 0x00007ff81c2c9000 	C:\WINDOWS\SYSTEM32\WSOCK32.dll
0x00007ff8178e0000 - 0x00007ff817903000 	C:\WINDOWS\SYSTEM32\WINMM.dll
0x00007ff8179d0000 - 0x00007ff8179da000 	C:\WINDOWS\SYSTEM32\VERSION.dll
0x00007ff820fd0000 - 0x00007ff82103c000 	C:\WINDOWS\System32\WS2_32.dll
0x00007ff8178b0000 - 0x00007ff8178da000 	C:\WINDOWS\SYSTEM32\WINMMBASE.dll
0x00007ff81e540000 - 0x00007ff81e589000 	C:\WINDOWS\System32\cfgmgr32.dll
0x00007ff818490000 - 0x00007ff81849f000 	C:\Program Files\Java\jdk1.8.0_201\jre\bin\verify.dll
0x00007ffffa440000 - 0x00007ffffa469000 	C:\Program Files\Java\jdk1.8.0_201\jre\bin\java.dll
0x00007ffffa0d0000 - 0x00007ffffa0f3000 	C:\Program Files\Java\jdk1.8.0_201\jre\bin\instrument.dll
0x00007ffffa220000 - 0x00007ffffa236000 	C:\Program Files\Java\jdk1.8.0_201\jre\bin\zip.dll
0x00007ff81e830000 - 0x00007ff81fc70000 	C:\WINDOWS\System32\SHELL32.dll
0x00007ff820d30000 - 0x00007ff820dd9000 	C:\WINDOWS\System32\shcore.dll
0x00007ff81d770000 - 0x00007ff81de7d000 	C:\WINDOWS\System32\windows.storage.dll
0x00007ff821040000 - 0x00007ff821091000 	C:\WINDOWS\System32\shlwapi.dll
0x00007ff81d730000 - 0x00007ff81d741000 	C:\WINDOWS\System32\kernel.appcore.dll
0x00007ff81d700000 - 0x00007ff81d71f000 	C:\WINDOWS\System32\profapi.dll
0x00007ff81d6b0000 - 0x00007ff81d6fc000 	C:\WINDOWS\System32\powrprof.dll
0x00007ff81d720000 - 0x00007ff81d72a000 	C:\WINDOWS\System32\FLTLIB.DLL
0x00007ffff0170000 - 0x00007ffff018a000 	C:\Program Files\JetBrains\IntelliJ IDEA Community Edition 2018.2.5\bin\breakgen64.dll
0x00007fffefa90000 - 0x00007fffefaaa000 	C:\Program Files\Java\jdk1.8.0_201\jre\bin\net.dll
0x00007ff810c10000 - 0x00007ff810dd8000 	C:\WINDOWS\SYSTEM32\urlmon.dll
0x00007ff810830000 - 0x00007ff810ad6000 	C:\WINDOWS\SYSTEM32\iertutil.dll
0x00007ff81d100000 - 0x00007ff81d10b000 	C:\WINDOWS\SYSTEM32\CRYPTBASE.DLL
0x00007ff81cf30000 - 0x00007ff81cf96000 	C:\WINDOWS\system32\mswsock.dll
0x0000000065ac0000 - 0x0000000065b26000 	C:\Users\mrccr\AppData\Local\Temp\libgdxremi\689f6d6a\gdx64.dll
0x00007ff81d0e0000 - 0x00007ff81d0f7000 	C:\WINDOWS\SYSTEM32\CRYPTSP.dll
0x00007ff81cb10000 - 0x00007ff81cb43000 	C:\WINDOWS\system32\rsaenh.dll
0x00007ff81d210000 - 0x00007ff81d235000 	C:\WINDOWS\SYSTEM32\bcrypt.dll
0x00007ff81d5b0000 - 0x00007ff81d5d8000 	C:\WINDOWS\SYSTEM32\USERENV.dll
0x00007ff81ccb0000 - 0x00007ff81cce8000 	C:\WINDOWS\SYSTEM32\IPHLPAPI.DLL
0x00007ff81fef0000 - 0x00007ff81fef8000 	C:\WINDOWS\System32\NSI.dll
0x00007ff817010000 - 0x00007ff817026000 	C:\WINDOWS\SYSTEM32\dhcpcsvc6.DLL
0x00007ff816f50000 - 0x00007ff816f6a000 	C:\WINDOWS\SYSTEM32\dhcpcsvc.DLL
0x00007fffefa70000 - 0x00007fffefa81000 	C:\Program Files\Java\jdk1.8.0_201\jre\bin\nio.dll
0x0000000180000000 - 0x0000000180053000 	C:\Users\mrccr\AppData\Local\Temp\libgdxremi\dc0f0009\lwjgl64.dll
0x00007ffffb0b0000 - 0x00007ffffb1d0000 	C:\WINDOWS\SYSTEM32\OPENGL32.dll
0x00007ffffc1c0000 - 0x00007ffffc1ec000 	C:\WINDOWS\SYSTEM32\GLU32.dll
0x0000000002650000 - 0x00000000026b4000 	C:\Users\mrccr\AppData\Local\Temp\libgdxremi\dc0f0009\OpenAL64.dll
0x00007ff820e10000 - 0x00007ff820f61000 	C:\WINDOWS\System32\ole32.dll
0x00007ff81af20000 - 0x00007ff81afb8000 	C:\WINDOWS\system32\uxtheme.dll
0x00007ff820c90000 - 0x00007ff820d30000 	C:\WINDOWS\System32\clbcatq.dll
0x00007ff81b3f0000 - 0x00007ff81b5a4000 	C:\WINDOWS\System32\PROPSYS.dll
0x00007ff820a90000 - 0x00007ff820b52000 	C:\WINDOWS\System32\OLEAUT32.dll
0x00007fffe5ed0000 - 0x00007fffe5f5f000 	C:\WINDOWS\SYSTEM32\dsound.dll
0x00007ff814650000 - 0x00007ff8146c6000 	C:\WINDOWS\System32\MMDevApi.dll
0x00007ff81d4c0000 - 0x00007ff81d4e7000 	C:\WINDOWS\System32\DEVOBJ.dll
0x00007ff810680000 - 0x00007ff8107ac000 	C:\WINDOWS\SYSTEM32\AUDIOSES.DLL
0x00007ff818b80000 - 0x00007ff818ccd000 	C:\WINDOWS\SYSTEM32\wintypes.dll
0x00007ff8186b0000 - 0x00007ff8186ba000 	C:\WINDOWS\SYSTEM32\AVRT.dll
0x00007ff81ff00000 - 0x00007ff820073000 	C:\WINDOWS\System32\MSCTF.dll
0x00007ff81ba80000 - 0x00007ff81baa9000 	C:\WINDOWS\system32\dwmapi.dll
0x00007ffffa6b0000 - 0x00007ffffa746000 	C:\WINDOWS\System32\TextInputFramework.dll
0x00007ff8163f0000 - 0x00007ff81670e000 	C:\WINDOWS\System32\CoreUIComponents.dll
0x00007ff81aad0000 - 0x00007ff81abaa000 	C:\WINDOWS\System32\CoreMessaging.dll
0x00007ff81c8b0000 - 0x00007ff81c8e1000 	C:\WINDOWS\SYSTEM32\ntmarta.dll
0x00007fffa7f60000 - 0x00007fffa8caa000 	C:\WINDOWS\System32\DriverStore\FileRepository\igdlh64.inf_amd64_463164d40c3d26ce\ig9icd64.dll
0x00007ff81c2a0000 - 0x00007ff81c2b3000 	C:\WINDOWS\SYSTEM32\WTSAPI32.dll
0x00007ff800030000 - 0x00007ff8000d8000 	C:\WINDOWS\SYSTEM32\mscms.dll
0x00007ff812470000 - 0x00007ff812480000 	C:\WINDOWS\SYSTEM32\ColorAdapterClient.dll
0x00007fffeda90000 - 0x00007fffedad3000 	C:\WINDOWS\SYSTEM32\icm32.dll
0x00007ff812ce0000 - 0x00007ff813e3d000 	C:\WINDOWS\System32\DriverStore\FileRepository\igdlh64.inf_amd64_463164d40c3d26ce\igc64.dll
0x00007ff81c470000 - 0x00007ff81c52b000 	C:\WINDOWS\SYSTEM32\dxgi.dll
0x00007ff819d00000 - 0x00007ff81a00b000 	C:\WINDOWS\SYSTEM32\d3d11.dll
0x00007fffed610000 - 0x00007fffed634000 	C:\Program Files\Java\jdk1.8.0_201\jre\bin\sunec.dll
0x00007ff818440000 - 0x00007ff81844b000 	C:\Program Files\Java\jdk1.8.0_201\jre\bin\sunmscapi.dll
0x00007ff81e590000 - 0x00007ff81e772000 	C:\WINDOWS\System32\CRYPT32.dll
0x00007ff81d750000 - 0x00007ff81d762000 	C:\WINDOWS\System32\MSASN1.dll
0x00007ff81ccf0000 - 0x00007ff81cdae000 	C:\WINDOWS\SYSTEM32\DNSAPI.dll
0x00007ff8124b0000 - 0x00007ff8124ba000 	C:\Windows\System32\rasadhlp.dll
0x00007ff8126e0000 - 0x00007ff812752000 	C:\WINDOWS\System32\fwpuclnt.dll
0x00007ff814b90000 - 0x00007ff81610c000 	C:\WINDOWS\System32\DriverStore\FileRepository\igdlh64.inf_amd64_463164d40c3d26ce\igd10iumd64.dll
0x00007ff81d1e0000 - 0x00007ff81d206000 	C:\WINDOWS\SYSTEM32\ncrypt.dll
0x00007ff81d1a0000 - 0x00007ff81d1d6000 	C:\WINDOWS\SYSTEM32\NTASN1.dll
0x00007ff81c0c0000 - 0x00007ff81c289000 	C:\WINDOWS\SYSTEM32\dbghelp.dll

VM Arguments:
jvm_args: -javaagent:C:\Program Files\JetBrains\IntelliJ IDEA Community Edition 2018.2.5\lib\idea_rt.jar=64974:C:\Program Files\JetBrains\IntelliJ IDEA Community Edition 2018.2.5\bin -Dfile.encoding=UTF-8 
java_command: ch.heigvd.pro.a03.GameLauncher
java_class_path (initial): C:\Program Files\Java\jdk1.8.0_201\jre\lib\charsets.jar;C:\Program Files\Java\jdk1.8.0_201\jre\lib\deploy.jar;C:\Program Files\Java\jdk1.8.0_201\jre\lib\ext\access-bridge-64.jar;C:\Program Files\Java\jdk1.8.0_201\jre\lib\ext\cldrdata.jar;C:\Program Files\Java\jdk1.8.0_201\jre\lib\ext\dnsns.jar;C:\Program Files\Java\jdk1.8.0_201\jre\lib\ext\jaccess.jar;C:\Program Files\Java\jdk1.8.0_201\jre\lib\ext\jfxrt.jar;C:\Program Files\Java\jdk1.8.0_201\jre\lib\ext\localedata.jar;C:\Program Files\Java\jdk1.8.0_201\jre\lib\ext\nashorn.jar;C:\Program Files\Java\jdk1.8.0_201\jre\lib\ext\sunec.jar;C:\Program Files\Java\jdk1.8.0_201\jre\lib\ext\sunjce_provider.jar;C:\Program Files\Java\jdk1.8.0_201\jre\lib\ext\sunmscapi.jar;C:\Program Files\Java\jdk1.8.0_201\jre\lib\ext\sunpkcs11.jar;C:\Program Files\Java\jdk1.8.0_201\jre\lib\ext\zipfs.jar;C:\Program Files\Java\jdk1.8.0_201\jre\lib\javaws.jar;C:\Program Files\Java\jdk1.8.0_201\jre\lib\jce.jar;C:\Program Files\Java\jdk1.8.0_201\jre\lib\jfr.jar;C:\Program Files\Java\jdk1.8.0_201\jre\lib\jfxswt.jar;C:\Program Files\Java\jdk1.8.0_201\jre\lib\jsse.jar;C:\Program Files\Java\jdk1.8.0_201\jre\lib\management-agent.jar;C:\Program Files\Java\jdk1.8.0_201\jre\lib\plugin.jar;C:\Program Files\Java\jdk1.8.0_201\jre\lib\resources.jar;C:\Program Files\Java\jdk1.8.0_201\jre\lib\rt.jar;D:\Nas Brownies\0.3 HEIG\Semestre 4\PRO\projet_semestre\towerdefense\towerdefense-game\target\classes;D:\Nas Brownies\0.3 HEIG\Semestre 4\PRO\projet_semestre\towerdefense\towerdefense-core\target\classes;C:\Users\mrccr\.m2\repository\com\google\code\gson\gson\2.8.5\gson-2.8.5.jar;C:\Users\mrccr\.m2\repository\com\badlogicgames\gdx\gdx\1.9.9\gdx-1.9.9.jar;C:\Users\mrccr\.m2\repository\com\badlogicgames\gdx\gdx-backend-lwjgl\1.9.9\gdx-backend-lwjgl-1.9.9.jar;C:\Users\mrccr\.m2\repository\org\lwjgl\lwjgl\lwjgl\2.9.2\lwjgl-2.9.2.jar;C:\Users\mrccr\.m2\repository\org\lwjgl\lwjgl\lwjgl-platform\2.9.2\lwjgl-platform-2.9.2-natives-windows.jar;C:\Use
Launcher Type: SUN_STANDARD

Environment Variables:
PATH=C:\WINDOWS;C:\Program Files (x86)\Common Files\Oracle\Java\javapath;C:\ProgramData\Oracle\Java\javapath;C:\Program Files\Common Files\Siemens\Automation\Simatic OAM\bin;C:\Program Files (x86)\Intel\iCLS Client\;C:\Program Files\Intel\iCLS Client\;C:\Windows\system32;C:\Windows;C:\Windows\System32\Wbem;C:\Windows\System32\WindowsPowerShell\v1.0\;C:\Program Files (x86)\Intel\Intel(R) Management Engine Components\DAL;C:\Program Files\Intel\Intel(R) Management Engine Components\DAL;C:\Program Files (x86)\Intel\Intel(R) Management Engine Components\IPT;C:\Program Files\Intel\Intel(R) Management Engine Components\IPT;C:\Program Files (x86)\NVIDIA Corporation\PhysX\Common;C:\WINDOWS\system32;C:\WINDOWS;C:\WINDOWS\System32\Wbem;C:\WINDOWS\System32\WindowsPowerShell\v1.0\;C:\Program Files\Git\cmd;C:\Program Files\PuTTY\;C:\Program Files (x86)\GNU\GnuPG\pub;C:\Program Files\TortoiseGit\bin;C:\Program Files\OpenVPN\bin;C:\Program Files\Intel\WiFi\bin\;C:\Program Files\Common Files\Intel\WirelessCommon\;C:\MinGW\bin;C:\MinGW\msys\1.0\bin;C:\Users\mrccr\Documents\build;C:\WINDOWS\System32\OpenSSH\;C:\Program Files\MySQL\MySQL Utilities 1.6\;C:\Program Files\Pandoc\;C:\Program Files\MATLAB\R2018b\bin;C:\Users\mrccr\AppData\Local\Microsoft\WindowsApps;C:\Users\mrccr\AppData\Local\atom\bin;C:\Users\mrccr\AppData\Local\Microsoft\WindowsApps;C:\Program Files\Java\jdk1.8.0_144\bin;C:\Program Files\MySQL\MySQL Server 5.6\bin;C:\Program Files\JetBrains\PhpStorm 2018.3.3\bin;;C:\Program Files\JetBrains\PyCharm 2018.3.4\bin;;C:\Program Files\JetBrains\CLion 2018.3.4\bin;;%DASHLANE_DLL_DIR%;C:\Program Files\Docker Toolbox
USERNAME=remi
OS=Windows_NT
PROCESSOR_IDENTIFIER=Intel64 Family 6 Model 94 Stepping 3, GenuineIntel



---------------  S Y S T E M  ---------------

OS: Windows 10.0 , 64 bit Build 17134 (10.0.17134.706)

CPU:total 8 (initial active 8) (4 cores per cpu, 2 threads per core) family 6 model 94 stepping 3, cmov, cx8, fxsr, mmx, sse, sse2, sse3, ssse3, sse4.1, sse4.2, popcnt, avx, avx2, aes, clmul, erms, rtm, 3dnowpref, lzcnt, ht, tsc, tscinvbit, bmi1, bmi2, adx

Memory: 4k page, physical 16641964k(8377144k free), swap 19132332k(6498640k free)

vm_info: Java HotSpot(TM) 64-Bit Server VM (25.201-b09) for windows-amd64 JRE (1.8.0_201-b09), built on Dec 15 2018 18:36:39 by "java_re" with MS VC++ 10.0 (VS2010)

time: Tue Apr 16 10:53:39 2019
timezone: Paris, Madrid (heure d’été)
elapsed time: 2135 seconds (0d 0h 35m 35s)

